#
# There is insufficient memory for the Java Runtime Environment to continue.
# Native memory allocation (malloc) failed to allocate 491936 bytes for Chunk::new
# Possible reasons:
#   The system is out of physical RAM or swap space
#   The process is running with CompressedOops enabled, and the Java Heap may be blocking the growth of the native heap
# Possible solutions:
#   Reduce memory load on the system
#   Increase physical memory or swap space
#   Check if swap backing store is full
#   Decrease Java heap size (-Xmx/-Xms)
#   Decrease number of Java threads
#   Decrease Java thread stack sizes (-Xss)
#   Set larger code cache with -XX:ReservedCodeCacheSize=
#   JVM is running with Unscaled Compressed Oops mode in which the Java heap is
#     placed in the first 4GB address space. The Java Heap base address is the
#     maximum limit for the native heap growth. Please use -XX:HeapBaseMinAddress
#     to set the Java Heap base and to place the Java Heap above 4GB virtual address.
# This output file may be truncated or incomplete.
#
#  Out of Memory Error (arena.cpp:184), pid=6668, tid=13196
#
# JRE version: Java(TM) SE Runtime Environment (20.0.2+9) (build 20.0.2+9-78)
# Java VM: Java HotSpot(TM) 64-Bit Server VM (20.0.2+9-78, mixed mode, sharing, tiered, compressed oops, compressed class ptrs, g1 gc, windows-amd64)
# No core dump will be written. Minidumps are not enabled by default on client versions of Windows
#

---------------  S U M M A R Y ------------

Command Line: c:\Users\Admin\.vscode\extensions\salesforce.salesforce-vscode-slds-2.0.9\lsp-2.0.9-executable.jar --PORT=56692

Host: 12th Gen Intel(R) Core(TM) i5-1235U, 12 cores, 7G,  Windows 11 , 64 bit Build 22621 (10.0.22621.3958)
Time: Mon Nov  4 14:05:35 2024 India Standard Time elapsed time: 3.530281 seconds (0d 0h 0m 3s)

---------------  T H R E A D  ---------------

Current thread (0x000001e622dd7990):  JavaThread "C2 CompilerThread0" daemon [_thread_in_native, id=13196, stack(0x000000a42ed00000,0x000000a42ee00000)]


Current CompileTask:
C2:   3530 1334   !   4       jdk.internal.loader.URLClassPath$Loader::getResource (95 bytes)

Stack: [0x000000a42ed00000,0x000000a42ee00000]
Native frames: (J=compiled Java code, j=interpreted, Vv=VM code, C=native code)
V  [jvm.dll+0x6bc25a]
V  [jvm.dll+0x84971a]
V  [jvm.dll+0x84b315]
V  [jvm.dll+0x84ba13]
V  [jvm.dll+0x280e4f]
V  [jvm.dll+0xc2ab1]
V  [jvm.dll+0xc2dd5]
V  [jvm.dll+0x3bb64c]
V  [jvm.dll+0x1e6f13]
V  [jvm.dll+0x24b67b]
V  [jvm.dll+0x24a921]
V  [jvm.dll+0x1ce761]
V  [jvm.dll+0x25a0eb]
V  [jvm.dll+0x2587c0]
V  [jvm.dll+0x3f2dd5]
V  [jvm.dll+0x7f5c76]
V  [jvm.dll+0x6baecb]
C  [ucrtbase.dll+0x29333]
C  [KERNEL32.DLL+0x1257d]
C  [ntdll.dll+0x5af08]


---------------  P R O C E S S  ---------------

Threads class SMR info:
_java_thread_list=0x000001e668b9a470, length=12, elements={
0x000001e6040d1460, 0x000001e622dcc570, 0x000001e622dcf3c0, 0x000001e622dd3140,
0x000001e622dd4a90, 0x000001e622dd53d0, 0x000001e622dd6d20, 0x000001e622dd7990,
0x000001e622dd87f0, 0x000001e6681015f0, 0x000001e6681127f0, 0x000001e668308000
}

Java Threads: ( => current thread )
  0x000001e6040d1460 JavaThread "main" [_thread_in_native, id=23016, stack(0x000000a42e000000,0x000000a42e100000)]
  0x000001e622dcc570 JavaThread "Reference Handler" daemon [_thread_blocked, id=580, stack(0x000000a42e700000,0x000000a42e800000)]
  0x000001e622dcf3c0 JavaThread "Finalizer" daemon [_thread_blocked, id=15484, stack(0x000000a42e800000,0x000000a42e900000)]
  0x000001e622dd3140 JavaThread "Signal Dispatcher" daemon [_thread_blocked, id=17672, stack(0x000000a42e900000,0x000000a42ea00000)]
  0x000001e622dd4a90 JavaThread "Attach Listener" daemon [_thread_blocked, id=22652, stack(0x000000a42ea00000,0x000000a42eb00000)]
  0x000001e622dd53d0 JavaThread "Service Thread" daemon [_thread_blocked, id=1800, stack(0x000000a42eb00000,0x000000a42ec00000)]
  0x000001e622dd6d20 JavaThread "Monitor Deflation Thread" daemon [_thread_blocked, id=9220, stack(0x000000a42ec00000,0x000000a42ed00000)]
=>0x000001e622dd7990 JavaThread "C2 CompilerThread0" daemon [_thread_in_native, id=13196, stack(0x000000a42ed00000,0x000000a42ee00000)]
  0x000001e622dd87f0 JavaThread "C1 CompilerThread0" daemon [_thread_in_vm, id=12432, stack(0x000000a42ee00000,0x000000a42ef00000)]
  0x000001e6681015f0 JavaThread "Notification Thread" daemon [_thread_blocked, id=3308, stack(0x000000a42ef00000,0x000000a42f000000)]
  0x000001e6681127f0 JavaThread "Common-Cleaner" daemon [_thread_blocked, id=17744, stack(0x000000a42f100000,0x000000a42f200000)]
  0x000001e668308000 JavaThread "Cleaner-0" daemon [_thread_blocked, id=15688, stack(0x000000a42f200000,0x000000a42f300000)]

Other Threads:
  0x000001e622daf9e0 VMThread "VM Thread" [stack: 0x000000a42e600000,0x000000a42e700000] [id=15384]
  0x000001e668110380 WatcherThread "VM Periodic Task Thread" [stack: 0x000000a42f000000,0x000000a42f100000] [id=12940]
  0x000001e60412ebe0 WorkerThread "GC Thread#0" [stack: 0x000000a42e100000,0x000000a42e200000] [id=14264]
  0x000001e668f4aaf0 WorkerThread "GC Thread#1" [stack: 0x000000a42f400000,0x000000a42f500000] [id=21900]
  0x000001e668d11990 WorkerThread "GC Thread#2" [stack: 0x000000a42f500000,0x000000a42f600000] [id=15720]
  0x000001e668e3c040 WorkerThread "GC Thread#3" [stack: 0x000000a42f600000,0x000000a42f700000] [id=8744]
  0x000001e668ed7bc0 WorkerThread "GC Thread#4" [stack: 0x000000a42f700000,0x000000a42f800000] [id=20996]
  0x000001e60413f270 ConcurrentGCThread "G1 Main Marker" [stack: 0x000000a42e200000,0x000000a42e300000] [id=22128]
  0x000001e60413fca0 WorkerThread "G1 Conc#0" [stack: 0x000000a42e300000,0x000000a42e400000] [id=7832]
  0x000001e622c6a510 ConcurrentGCThread "G1 Refine#0" [stack: 0x000000a42e400000,0x000000a42e500000] [id=16612]
  0x000001e622c6bdd0 ConcurrentGCThread "G1 Service" [stack: 0x000000a42e500000,0x000000a42e600000] [id=22704]

Threads with active compile tasks:
C2 CompilerThread0     3662 1334   !   4       jdk.internal.loader.URLClassPath$Loader::getResource (95 bytes)
C1 CompilerThread0     3662 1383   !   3       sun.net.www.ParseUtil::decode (349 bytes)

VM state: not at safepoint (normal execution)

VM Mutex/Monitor currently owned by a thread: None

Heap address: 0x0000000084400000, size: 1980 MB, Compressed Oops mode: 32-bit

CDS archive(s) mapped at: [0x000001e623000000-0x000001e623c60000-0x000001e623c60000), size 12976128, SharedBaseAddress: 0x000001e623000000, ArchiveRelocationMode: 1.
Compressed class space mapped at: 0x000001e624000000-0x000001e664000000, reserved size: 1073741824
Narrow klass base: 0x000001e623000000, Narrow klass shift: 0, Narrow klass range: 0x100000000

GC Precious Log:
 CardTable entry size: 512
 Card Set container configuration: InlinePtr #cards 5 size 8 Array Of Cards #cards 12 size 40 Howl #buckets 4 coarsen threshold 1843 Howl Bitmap #cards 512 size 80 coarsen threshold 460 Card regions per heap region 1 cards per card region 2048
 CPUs: 12 total, 12 available
 Memory: 7916M
 Large Page Support: Disabled
 NUMA Support: Disabled
 Compressed Oops: Enabled (32-bit)
 Heap Region Size: 1M
 Heap Min Capacity: 8M
 Heap Initial Capacity: 124M
 Heap Max Capacity: 1980M
 Pre-touch: Disabled
 Parallel Workers: 10
 Concurrent Workers: 3
 Concurrent Refinement Workers: 10
 Periodic GC: Disabled

Heap:
 garbage-first heap   total 126976K, used 7808K [0x0000000084400000, 0x0000000100000000)
  region size 1024K, 9 young (9216K), 3 survivors (3072K)
 Metaspace       used 4087K, committed 4416K, reserved 1114112K
  class space    used 430K, committed 576K, reserved 1048576K

Heap Regions: E=young(eden), S=young(survivor), O=old, HS=humongous(starts), HC=humongous(continues), CS=collection set, F=free, OA=open archive, CA=closed archive, TAMS=top-at-mark-start, PB=parsable bottom
|   0|0x0000000084400000, 0x0000000084400000, 0x0000000084500000|  0%| F|  |TAMS 0x0000000084400000| PB 0x0000000084400000| Untracked 
|   1|0x0000000084500000, 0x0000000084500000, 0x0000000084600000|  0%| F|  |TAMS 0x0000000084500000| PB 0x0000000084500000| Untracked 
|   2|0x0000000084600000, 0x0000000084600000, 0x0000000084700000|  0%| F|  |TAMS 0x0000000084600000| PB 0x0000000084600000| Untracked 
|   3|0x0000000084700000, 0x0000000084700000, 0x0000000084800000|  0%| F|  |TAMS 0x0000000084700000| PB 0x0000000084700000| Untracked 
|   4|0x0000000084800000, 0x0000000084800000, 0x0000000084900000|  0%| F|  |TAMS 0x0000000084800000| PB 0x0000000084800000| Untracked 
|   5|0x0000000084900000, 0x0000000084900000, 0x0000000084a00000|  0%| F|  |TAMS 0x0000000084900000| PB 0x0000000084900000| Untracked 
|   6|0x0000000084a00000, 0x0000000084a00000, 0x0000000084b00000|  0%| F|  |TAMS 0x0000000084a00000| PB 0x0000000084a00000| Untracked 
|   7|0x0000000084b00000, 0x0000000084b00000, 0x0000000084c00000|  0%| F|  |TAMS 0x0000000084b00000| PB 0x0000000084b00000| Untracked 
|   8|0x0000000084c00000, 0x0000000084c00000, 0x0000000084d00000|  0%| F|  |TAMS 0x0000000084c00000| PB 0x0000000084c00000| Untracked 
|   9|0x0000000084d00000, 0x0000000084d00000, 0x0000000084e00000|  0%| F|  |TAMS 0x0000000084d00000| PB 0x0000000084d00000| Untracked 
|  10|0x0000000084e00000, 0x0000000084e00000, 0x0000000084f00000|  0%| F|  |TAMS 0x0000000084e00000| PB 0x0000000084e00000| Untracked 
|  11|0x0000000084f00000, 0x0000000084f00000, 0x0000000085000000|  0%| F|  |TAMS 0x0000000084f00000| PB 0x0000000084f00000| Untracked 
|  12|0x0000000085000000, 0x0000000085000000, 0x0000000085100000|  0%| F|  |TAMS 0x0000000085000000| PB 0x0000000085000000| Untracked 
|  13|0x0000000085100000, 0x0000000085100000, 0x0000000085200000|  0%| F|  |TAMS 0x0000000085100000| PB 0x0000000085100000| Untracked 
|  14|0x0000000085200000, 0x0000000085200000, 0x0000000085300000|  0%| F|  |TAMS 0x0000000085200000| PB 0x0000000085200000| Untracked 
|  15|0x0000000085300000, 0x0000000085300000, 0x0000000085400000|  0%| F|  |TAMS 0x0000000085300000| PB 0x0000000085300000| Untracked 
|  16|0x0000000085400000, 0x0000000085400000, 0x0000000085500000|  0%| F|  |TAMS 0x0000000085400000| PB 0x0000000085400000| Untracked 
|  17|0x0000000085500000, 0x0000000085500000, 0x0000000085600000|  0%| F|  |TAMS 0x0000000085500000| PB 0x0000000085500000| Untracked 
|  18|0x0000000085600000, 0x0000000085600000, 0x0000000085700000|  0%| F|  |TAMS 0x0000000085600000| PB 0x0000000085600000| Untracked 
|  19|0x0000000085700000, 0x0000000085700000, 0x0000000085800000|  0%| F|  |TAMS 0x0000000085700000| PB 0x0000000085700000| Untracked 
|  20|0x0000000085800000, 0x0000000085800000, 0x0000000085900000|  0%| F|  |TAMS 0x0000000085800000| PB 0x0000000085800000| Untracked 
|  21|0x0000000085900000, 0x0000000085900000, 0x0000000085a00000|  0%| F|  |TAMS 0x0000000085900000| PB 0x0000000085900000| Untracked 
|  22|0x0000000085a00000, 0x0000000085a00000, 0x0000000085b00000|  0%| F|  |TAMS 0x0000000085a00000| PB 0x0000000085a00000| Untracked 
|  23|0x0000000085b00000, 0x0000000085b00000, 0x0000000085c00000|  0%| F|  |TAMS 0x0000000085b00000| PB 0x0000000085b00000| Untracked 
|  24|0x0000000085c00000, 0x0000000085c00000, 0x0000000085d00000|  0%| F|  |TAMS 0x0000000085c00000| PB 0x0000000085c00000| Untracked 
|  25|0x0000000085d00000, 0x0000000085d00000, 0x0000000085e00000|  0%| F|  |TAMS 0x0000000085d00000| PB 0x0000000085d00000| Untracked 
|  26|0x0000000085e00000, 0x0000000085e00000, 0x0000000085f00000|  0%| F|  |TAMS 0x0000000085e00000| PB 0x0000000085e00000| Untracked 
|  27|0x0000000085f00000, 0x0000000085f00000, 0x0000000086000000|  0%| F|  |TAMS 0x0000000085f00000| PB 0x0000000085f00000| Untracked 
|  28|0x0000000086000000, 0x0000000086000000, 0x0000000086100000|  0%| F|  |TAMS 0x0000000086000000| PB 0x0000000086000000| Untracked 
|  29|0x0000000086100000, 0x0000000086100000, 0x0000000086200000|  0%| F|  |TAMS 0x0000000086100000| PB 0x0000000086100000| Untracked 
|  30|0x0000000086200000, 0x0000000086200000, 0x0000000086300000|  0%| F|  |TAMS 0x0000000086200000| PB 0x0000000086200000| Untracked 
|  31|0x0000000086300000, 0x0000000086300000, 0x0000000086400000|  0%| F|  |TAMS 0x0000000086300000| PB 0x0000000086300000| Untracked 
|  32|0x0000000086400000, 0x0000000086400000, 0x0000000086500000|  0%| F|  |TAMS 0x0000000086400000| PB 0x0000000086400000| Untracked 
|  33|0x0000000086500000, 0x0000000086500000, 0x0000000086600000|  0%| F|  |TAMS 0x0000000086500000| PB 0x0000000086500000| Untracked 
|  34|0x0000000086600000, 0x0000000086600000, 0x0000000086700000|  0%| F|  |TAMS 0x0000000086600000| PB 0x0000000086600000| Untracked 
|  35|0x0000000086700000, 0x0000000086700000, 0x0000000086800000|  0%| F|  |TAMS 0x0000000086700000| PB 0x0000000086700000| Untracked 
|  36|0x0000000086800000, 0x0000000086800000, 0x0000000086900000|  0%| F|  |TAMS 0x0000000086800000| PB 0x0000000086800000| Untracked 
|  37|0x0000000086900000, 0x0000000086900000, 0x0000000086a00000|  0%| F|  |TAMS 0x0000000086900000| PB 0x0000000086900000| Untracked 
|  38|0x0000000086a00000, 0x0000000086a00000, 0x0000000086b00000|  0%| F|  |TAMS 0x0000000086a00000| PB 0x0000000086a00000| Untracked 
|  39|0x0000000086b00000, 0x0000000086b00000, 0x0000000086c00000|  0%| F|  |TAMS 0x0000000086b00000| PB 0x0000000086b00000| Untracked 
|  40|0x0000000086c00000, 0x0000000086c00000, 0x0000000086d00000|  0%| F|  |TAMS 0x0000000086c00000| PB 0x0000000086c00000| Untracked 
|  41|0x0000000086d00000, 0x0000000086d00000, 0x0000000086e00000|  0%| F|  |TAMS 0x0000000086d00000| PB 0x0000000086d00000| Untracked 
|  42|0x0000000086e00000, 0x0000000086e00000, 0x0000000086f00000|  0%| F|  |TAMS 0x0000000086e00000| PB 0x0000000086e00000| Untracked 
|  43|0x0000000086f00000, 0x0000000086f00000, 0x0000000087000000|  0%| F|  |TAMS 0x0000000086f00000| PB 0x0000000086f00000| Untracked 
|  44|0x0000000087000000, 0x0000000087000000, 0x0000000087100000|  0%| F|  |TAMS 0x0000000087000000| PB 0x0000000087000000| Untracked 
|  45|0x0000000087100000, 0x0000000087100000, 0x0000000087200000|  0%| F|  |TAMS 0x0000000087100000| PB 0x0000000087100000| Untracked 
|  46|0x0000000087200000, 0x0000000087200000, 0x0000000087300000|  0%| F|  |TAMS 0x0000000087200000| PB 0x0000000087200000| Untracked 
|  47|0x0000000087300000, 0x0000000087300000, 0x0000000087400000|  0%| F|  |TAMS 0x0000000087300000| PB 0x0000000087300000| Untracked 
|  48|0x0000000087400000, 0x0000000087400000, 0x0000000087500000|  0%| F|  |TAMS 0x0000000087400000| PB 0x0000000087400000| Untracked 
|  49|0x0000000087500000, 0x0000000087500000, 0x0000000087600000|  0%| F|  |TAMS 0x0000000087500000| PB 0x0000000087500000| Untracked 
|  50|0x0000000087600000, 0x0000000087600000, 0x0000000087700000|  0%| F|  |TAMS 0x0000000087600000| PB 0x0000000087600000| Untracked 
|  51|0x0000000087700000, 0x0000000087700000, 0x0000000087800000|  0%| F|  |TAMS 0x0000000087700000| PB 0x0000000087700000| Untracked 
|  52|0x0000000087800000, 0x0000000087800000, 0x0000000087900000|  0%| F|  |TAMS 0x0000000087800000| PB 0x0000000087800000| Untracked 
|  53|0x0000000087900000, 0x0000000087900000, 0x0000000087a00000|  0%| F|  |TAMS 0x0000000087900000| PB 0x0000000087900000| Untracked 
|  54|0x0000000087a00000, 0x0000000087a00000, 0x0000000087b00000|  0%| F|  |TAMS 0x0000000087a00000| PB 0x0000000087a00000| Untracked 
|  55|0x0000000087b00000, 0x0000000087b00000, 0x0000000087c00000|  0%| F|  |TAMS 0x0000000087b00000| PB 0x0000000087b00000| Untracked 
|  56|0x0000000087c00000, 0x0000000087c00000, 0x0000000087d00000|  0%| F|  |TAMS 0x0000000087c00000| PB 0x0000000087c00000| Untracked 
|  57|0x0000000087d00000, 0x0000000087d00000, 0x0000000087e00000|  0%| F|  |TAMS 0x0000000087d00000| PB 0x0000000087d00000| Untracked 
|  58|0x0000000087e00000, 0x0000000087e00000, 0x0000000087f00000|  0%| F|  |TAMS 0x0000000087e00000| PB 0x0000000087e00000| Untracked 
|  59|0x0000000087f00000, 0x0000000087f00000, 0x0000000088000000|  0%| F|  |TAMS 0x0000000087f00000| PB 0x0000000087f00000| Untracked 
|  60|0x0000000088000000, 0x0000000088000000, 0x0000000088100000|  0%| F|  |TAMS 0x0000000088000000| PB 0x0000000088000000| Untracked 
|  61|0x0000000088100000, 0x0000000088100000, 0x0000000088200000|  0%| F|  |TAMS 0x0000000088100000| PB 0x0000000088100000| Untracked 
|  62|0x0000000088200000, 0x0000000088200000, 0x0000000088300000|  0%| F|  |TAMS 0x0000000088200000| PB 0x0000000088200000| Untracked 
|  63|0x0000000088300000, 0x0000000088300000, 0x0000000088400000|  0%| F|  |TAMS 0x0000000088300000| PB 0x0000000088300000| Untracked 
|  64|0x0000000088400000, 0x0000000088400000, 0x0000000088500000|  0%| F|  |TAMS 0x0000000088400000| PB 0x0000000088400000| Untracked 
|  65|0x0000000088500000, 0x0000000088500000, 0x0000000088600000|  0%| F|  |TAMS 0x0000000088500000| PB 0x0000000088500000| Untracked 
|  66|0x0000000088600000, 0x0000000088600000, 0x0000000088700000|  0%| F|  |TAMS 0x0000000088600000| PB 0x0000000088600000| Untracked 
|  67|0x0000000088700000, 0x0000000088700000, 0x0000000088800000|  0%| F|  |TAMS 0x0000000088700000| PB 0x0000000088700000| Untracked 
|  68|0x0000000088800000, 0x0000000088800000, 0x0000000088900000|  0%| F|  |TAMS 0x0000000088800000| PB 0x0000000088800000| Untracked 
|  69|0x0000000088900000, 0x0000000088900000, 0x0000000088a00000|  0%| F|  |TAMS 0x0000000088900000| PB 0x0000000088900000| Untracked 
|  70|0x0000000088a00000, 0x0000000088a00000, 0x0000000088b00000|  0%| F|  |TAMS 0x0000000088a00000| PB 0x0000000088a00000| Untracked 
|  71|0x0000000088b00000, 0x0000000088b00000, 0x0000000088c00000|  0%| F|  |TAMS 0x0000000088b00000| PB 0x0000000088b00000| Untracked 
|  72|0x0000000088c00000, 0x0000000088c00000, 0x0000000088d00000|  0%| F|  |TAMS 0x0000000088c00000| PB 0x0000000088c00000| Untracked 
|  73|0x0000000088d00000, 0x0000000088d00000, 0x0000000088e00000|  0%| F|  |TAMS 0x0000000088d00000| PB 0x0000000088d00000| Untracked 
|  74|0x0000000088e00000, 0x0000000088e00000, 0x0000000088f00000|  0%| F|  |TAMS 0x0000000088e00000| PB 0x0000000088e00000| Untracked 
|  75|0x0000000088f00000, 0x0000000088f00000, 0x0000000089000000|  0%| F|  |TAMS 0x0000000088f00000| PB 0x0000000088f00000| Untracked 
|  76|0x0000000089000000, 0x0000000089000000, 0x0000000089100000|  0%| F|  |TAMS 0x0000000089000000| PB 0x0000000089000000| Untracked 
|  77|0x0000000089100000, 0x0000000089100000, 0x0000000089200000|  0%| F|  |TAMS 0x0000000089100000| PB 0x0000000089100000| Untracked 
|  78|0x0000000089200000, 0x0000000089200000, 0x0000000089300000|  0%| F|  |TAMS 0x0000000089200000| PB 0x0000000089200000| Untracked 
|  79|0x0000000089300000, 0x0000000089300000, 0x0000000089400000|  0%| F|  |TAMS 0x0000000089300000| PB 0x0000000089300000| Untracked 
|  80|0x0000000089400000, 0x0000000089400000, 0x0000000089500000|  0%| F|  |TAMS 0x0000000089400000| PB 0x0000000089400000| Untracked 
|  81|0x0000000089500000, 0x0000000089500000, 0x0000000089600000|  0%| F|  |TAMS 0x0000000089500000| PB 0x0000000089500000| Untracked 
|  82|0x0000000089600000, 0x0000000089600000, 0x0000000089700000|  0%| F|  |TAMS 0x0000000089600000| PB 0x0000000089600000| Untracked 
|  83|0x0000000089700000, 0x0000000089700000, 0x0000000089800000|  0%| F|  |TAMS 0x0000000089700000| PB 0x0000000089700000| Untracked 
|  84|0x0000000089800000, 0x0000000089800000, 0x0000000089900000|  0%| F|  |TAMS 0x0000000089800000| PB 0x0000000089800000| Untracked 
|  85|0x0000000089900000, 0x0000000089900000, 0x0000000089a00000|  0%| F|  |TAMS 0x0000000089900000| PB 0x0000000089900000| Untracked 
|  86|0x0000000089a00000, 0x0000000089a00000, 0x0000000089b00000|  0%| F|  |TAMS 0x0000000089a00000| PB 0x0000000089a00000| Untracked 
|  87|0x0000000089b00000, 0x0000000089b00000, 0x0000000089c00000|  0%| F|  |TAMS 0x0000000089b00000| PB 0x0000000089b00000| Untracked 
|  88|0x0000000089c00000, 0x0000000089c00000, 0x0000000089d00000|  0%| F|  |TAMS 0x0000000089c00000| PB 0x0000000089c00000| Untracked 
|  89|0x0000000089d00000, 0x0000000089d00000, 0x0000000089e00000|  0%| F|  |TAMS 0x0000000089d00000| PB 0x0000000089d00000| Untracked 
|  90|0x0000000089e00000, 0x0000000089e00000, 0x0000000089f00000|  0%| F|  |TAMS 0x0000000089e00000| PB 0x0000000089e00000| Untracked 
|  91|0x0000000089f00000, 0x0000000089f00000, 0x000000008a000000|  0%| F|  |TAMS 0x0000000089f00000| PB 0x0000000089f00000| Untracked 
|  92|0x000000008a000000, 0x000000008a000000, 0x000000008a100000|  0%| F|  |TAMS 0x000000008a000000| PB 0x000000008a000000| Untracked 
|  93|0x000000008a100000, 0x000000008a100000, 0x000000008a200000|  0%| F|  |TAMS 0x000000008a100000| PB 0x000000008a100000| Untracked 
|  94|0x000000008a200000, 0x000000008a200000, 0x000000008a300000|  0%| F|  |TAMS 0x000000008a200000| PB 0x000000008a200000| Untracked 
|  95|0x000000008a300000, 0x000000008a300000, 0x000000008a400000|  0%| F|  |TAMS 0x000000008a300000| PB 0x000000008a300000| Untracked 
|  96|0x000000008a400000, 0x000000008a400000, 0x000000008a500000|  0%| F|  |TAMS 0x000000008a400000| PB 0x000000008a400000| Untracked 
|  97|0x000000008a500000, 0x000000008a500000, 0x000000008a600000|  0%| F|  |TAMS 0x000000008a500000| PB 0x000000008a500000| Untracked 
|  98|0x000000008a600000, 0x000000008a6a0000, 0x000000008a700000| 62%| S|CS|TAMS 0x000000008a600000| PB 0x000000008a600000| Complete 
|  99|0x000000008a700000, 0x000000008a800000, 0x000000008a800000|100%| S|CS|TAMS 0x000000008a700000| PB 0x000000008a700000| Complete 
| 100|0x000000008a800000, 0x000000008a900000, 0x000000008a900000|100%| S|CS|TAMS 0x000000008a800000| PB 0x000000008a800000| Complete 
| 101|0x000000008a900000, 0x000000008a900000, 0x000000008aa00000|  0%| F|  |TAMS 0x000000008a900000| PB 0x000000008a900000| Untracked 
| 102|0x000000008aa00000, 0x000000008aa00000, 0x000000008ab00000|  0%| F|  |TAMS 0x000000008aa00000| PB 0x000000008aa00000| Untracked 
| 103|0x000000008ab00000, 0x000000008ab00000, 0x000000008ac00000|  0%| F|  |TAMS 0x000000008ab00000| PB 0x000000008ab00000| Untracked 
| 104|0x000000008ac00000, 0x000000008ac00000, 0x000000008ad00000|  0%| F|  |TAMS 0x000000008ac00000| PB 0x000000008ac00000| Untracked 
| 105|0x000000008ad00000, 0x000000008ad00000, 0x000000008ae00000|  0%| F|  |TAMS 0x000000008ad00000| PB 0x000000008ad00000| Untracked 
| 106|0x000000008ae00000, 0x000000008ae00000, 0x000000008af00000|  0%| F|  |TAMS 0x000000008ae00000| PB 0x000000008ae00000| Untracked 
| 107|0x000000008af00000, 0x000000008af00000, 0x000000008b000000|  0%| F|  |TAMS 0x000000008af00000| PB 0x000000008af00000| Untracked 
| 108|0x000000008b000000, 0x000000008b000000, 0x000000008b100000|  0%| F|  |TAMS 0x000000008b000000| PB 0x000000008b000000| Untracked 
| 109|0x000000008b100000, 0x000000008b100000, 0x000000008b200000|  0%| F|  |TAMS 0x000000008b100000| PB 0x000000008b100000| Untracked 
| 110|0x000000008b200000, 0x000000008b200000, 0x000000008b300000|  0%| F|  |TAMS 0x000000008b200000| PB 0x000000008b200000| Untracked 
| 111|0x000000008b300000, 0x000000008b300000, 0x000000008b400000|  0%| F|  |TAMS 0x000000008b300000| PB 0x000000008b300000| Untracked 
| 112|0x000000008b400000, 0x000000008b400000, 0x000000008b500000|  0%| F|  |TAMS 0x000000008b400000| PB 0x000000008b400000| Untracked 
| 113|0x000000008b500000, 0x000000008b500000, 0x000000008b600000|  0%| F|  |TAMS 0x000000008b500000| PB 0x000000008b500000| Untracked 
| 114|0x000000008b600000, 0x000000008b600000, 0x000000008b700000|  0%| F|  |TAMS 0x000000008b600000| PB 0x000000008b600000| Untracked 
| 115|0x000000008b700000, 0x000000008b700000, 0x000000008b800000|  0%| F|  |TAMS 0x000000008b700000| PB 0x000000008b700000| Untracked 
| 116|0x000000008b800000, 0x000000008b800000, 0x000000008b900000|  0%| F|  |TAMS 0x000000008b800000| PB 0x000000008b800000| Untracked 
| 117|0x000000008b900000, 0x000000008b900000, 0x000000008ba00000|  0%| F|  |TAMS 0x000000008b900000| PB 0x000000008b900000| Untracked 
| 118|0x000000008ba00000, 0x000000008ba66c38, 0x000000008bb00000| 40%| E|  |TAMS 0x000000008ba00000| PB 0x000000008ba00000| Complete 
| 119|0x000000008bb00000, 0x000000008bc00000, 0x000000008bc00000|100%| E|CS|TAMS 0x000000008bb00000| PB 0x000000008bb00000| Complete 
| 120|0x000000008bc00000, 0x000000008bd00000, 0x000000008bd00000|100%| E|CS|TAMS 0x000000008bc00000| PB 0x000000008bc00000| Complete 
| 121|0x000000008bd00000, 0x000000008be00000, 0x000000008be00000|100%| E|CS|TAMS 0x000000008bd00000| PB 0x000000008bd00000| Complete 
| 122|0x000000008be00000, 0x000000008bf00000, 0x000000008bf00000|100%| E|CS|TAMS 0x000000008be00000| PB 0x000000008be00000| Complete 
| 123|0x000000008bf00000, 0x000000008c000000, 0x000000008c000000|100%| E|CS|TAMS 0x000000008bf00000| PB 0x000000008bf00000| Complete 

Card table byte_map: [0x000001e61da50000,0x000001e61de30000] _byte_map_base: 0x000001e61d62e000

Marking Bits: (CMBitMap*) 0x000001e60412f210
 Bits: [0x000001e61e210000, 0x000001e620100000)

Polling page: 0x000001e603e30000

Metaspace:

Usage:
  Non-class:      3.58 MB used.
      Class:    431.37 KB used.
       Both:      4.00 MB used.

Virtual space:
  Non-class space:       64.00 MB reserved,       3.75 MB (  6%) committed,  1 nodes.
      Class space:        1.00 GB reserved,     576.00 KB ( <1%) committed,  1 nodes.
             Both:        1.06 GB reserved,       4.31 MB ( <1%) committed. 

Chunk freelists:
   Non-Class:  2.16 MB
       Class:  3.42 MB
        Both:  5.58 MB

MaxMetaspaceSize: unlimited
CompressedClassSpaceSize: 1.00 GB
Initial GC threshold: 21.00 MB
Current GC threshold: 21.00 MB
CDS: on
MetaspaceReclaimPolicy: balanced
 - commit_granule_bytes: 65536.
 - commit_granule_words: 8192.
 - virtual_space_node_default_size: 8388608.
 - enlarge_chunks_in_place: 1.
 - new_chunks_are_fully_committed: 0.
 - uncommit_free_chunks: 1.
 - use_allocation_guard: 0.


Internal statistics:

num_allocs_failed_limit: 0.
num_arena_births: 228.
num_arena_deaths: 0.
num_vsnodes_births: 2.
num_vsnodes_deaths: 0.
num_space_committed: 69.
num_space_uncommitted: 0.
num_chunks_returned_to_freelist: 0.
num_chunks_taken_from_freelist: 370.
num_chunk_merges: 0.
num_chunk_splits: 223.
num_chunks_enlarged: 128.
num_inconsistent_stats: 0.

CodeHeap 'non-profiled nmethods': size=120000Kb used=703Kb max_used=703Kb free=119296Kb
 bounds [0x000001e6154a0000, 0x000001e615710000, 0x000001e61c9d0000]
CodeHeap 'profiled nmethods': size=120000Kb used=2312Kb max_used=2312Kb free=117687Kb
 bounds [0x000001e60d9d0000, 0x000001e60dc40000, 0x000001e614f00000]
CodeHeap 'non-nmethods': size=5760Kb used=1419Kb max_used=1461Kb free=4340Kb
 bounds [0x000001e614f00000, 0x000001e615170000, 0x000001e6154a0000]
 total_blobs=1839 nmethods=1377 adapters=373
 compilation: enabled
              stopped_count=0, restarted_count=0
 full_count=0

Compilation events (20 events):
Event: 3.461 Thread 0x000001e622dd87f0 1341       3       java.util.zip.InflaterInputStream::fill (60 bytes)
Event: 3.462 Thread 0x000001e622dd87f0 nmethod 1341 0x000001e60dbf6310 code [0x000001e60dbf6500, 0x000001e60dbf69d0]
Event: 3.462 Thread 0x000001e622dd87f0 1342   !   3       org.springframework.boot.loader.jar.NestedJarFile$JarEntryInputStream::read (100 bytes)
Event: 3.463 Thread 0x000001e622dd87f0 nmethod 1342 0x000001e60dbf6b90 code [0x000001e60dbf6dc0, 0x000001e60dbf7748]
Event: 3.464 Thread 0x000001e622dd87f0 1343       3       java.lang.invoke.MethodHandles$Lookup::checkAccess (232 bytes)
Event: 3.466 Thread 0x000001e622dd87f0 nmethod 1343 0x000001e60dbf7d10 code [0x000001e60dbf7fe0, 0x000001e60dbf9050]
Event: 3.466 Thread 0x000001e622dd87f0 1344       3       java.lang.invoke.MemberName::getModifiers (8 bytes)
Event: 3.466 Thread 0x000001e622dd87f0 nmethod 1344 0x000001e60dbf9490 code [0x000001e60dbf9620, 0x000001e60dbf9738]
Event: 3.466 Thread 0x000001e622dd87f0 1345       3       java.lang.invoke.MemberName::getType (19 bytes)
Event: 3.466 Thread 0x000001e622dd87f0 nmethod 1345 0x000001e60dbf9810 code [0x000001e60dbf99c0, 0x000001e60dbf9cb8]
Event: 3.469 Thread 0x000001e622dd87f0 1346       3       java.util.Properties::loadConvert (540 bytes)
Event: 3.470 Thread 0x000001e622dd87f0 nmethod 1346 0x000001e60dbf9d90 code [0x000001e60dbfa060, 0x000001e60dbfb3f0]
Event: 3.470 Thread 0x000001e622dd87f0 1347 %     3       java.util.Properties$LineReader::readLine @ 53 (584 bytes)
Event: 3.472 Thread 0x000001e622dd87f0 nmethod 1347% 0x000001e60dbfba10 code [0x000001e60dbfbe00, 0x000001e60dbfee28]
Event: 3.472 Thread 0x000001e622dd87f0 1349       3       java.util.stream.ReferencePipeline$3$1::accept (23 bytes)
Event: 3.473 Thread 0x000001e622dd87f0 nmethod 1349 0x000001e60dbffc90 code [0x000001e60dbffe40, 0x000001e60dc000f0]
Event: 3.473 Thread 0x000001e622dd87f0 1348       3       java.util.ArrayList::<init> (12 bytes)
Event: 3.473 Thread 0x000001e622dd87f0 nmethod 1348 0x000001e60dc00210 code [0x000001e60dc003c0, 0x000001e60dc00660]
Event: 3.477 Thread 0x000001e622dd87f0 1350       3       org.springframework.boot.loader.jar.NestedJarFile$JarEntryInflaterInputStream::close (38 bytes)
Event: 3.478 Thread 0x000001e622dd87f0 nmethod 1350 0x000001e60dc00790 code [0x000001e60dc009c0, 0x000001e60dc01270]

GC Heap History (2 events):
Event: 3.248 GC heap before
{Heap before GC invocations=0 (full 0):
 garbage-first heap   total 126976K, used 23552K [0x0000000084400000, 0x0000000100000000)
  region size 1024K, 23 young (23552K), 0 survivors (0K)
 Metaspace       used 3527K, committed 3840K, reserved 1114112K
  class space    used 357K, committed 512K, reserved 1048576K
}
Event: 3.268 GC heap after
{Heap after GC invocations=1 (full 0):
 garbage-first heap   total 126976K, used 2688K [0x0000000084400000, 0x0000000100000000)
  region size 1024K, 3 young (3072K), 3 survivors (3072K)
 Metaspace       used 3527K, committed 3840K, reserved 1114112K
  class space    used 357K, committed 512K, reserved 1048576K
}

Dll operation events (7 events):
Event: 0.121 Loaded shared library C:\Program Files\Java\jdk-20\bin\java.dll
Event: 0.704 Loaded shared library C:\Program Files\Java\jdk-20\bin\jsvml.dll
Event: 0.955 Loaded shared library C:\Program Files\Java\jdk-20\bin\net.dll
Event: 0.979 Loaded shared library C:\Program Files\Java\jdk-20\bin\nio.dll
Event: 1.034 Loaded shared library C:\Program Files\Java\jdk-20\bin\zip.dll
Event: 1.431 Loaded shared library C:\Program Files\Java\jdk-20\bin\jimage.dll
Event: 2.489 Loaded shared library C:\Program Files\Java\jdk-20\bin\verify.dll

Deoptimization events (20 events):
Event: 3.268 Thread 0x000001e622dcc570 Uncommon trap: trap_request=0xffffff45 fr.pc=0x000001e61552bb4c relative=0x000000000000014c
Event: 3.268 Thread 0x000001e622dcc570 Uncommon trap: reason=unstable_if action=reinterpret pc=0x000001e61552bb4c method=java.util.concurrent.locks.ReentrantLock$NonfairSync.initialTryLock()Z @ 10 c2
Event: 3.268 Thread 0x000001e622dcc570 DEOPT PACKING pc=0x000001e61552bb4c sp=0x000000a42e7ff580
Event: 3.268 Thread 0x000001e622dcc570 DEOPT UNPACKING pc=0x000001e614f69d22 sp=0x000000a42e7ff470 mode 2
Event: 3.268 Thread 0x000001e668308000 Uncommon trap: trap_request=0xffffff45 fr.pc=0x000001e61552f6c4 relative=0x0000000000000144
Event: 3.268 Thread 0x000001e668308000 Uncommon trap: reason=unstable_if action=reinterpret pc=0x000001e61552f6c4 method=java.util.concurrent.locks.ReentrantLock$NonfairSync.initialTryLock()Z @ 10 c2
Event: 3.268 Thread 0x000001e668308000 DEOPT PACKING pc=0x000001e61552f6c4 sp=0x000000a42f2ff170
Event: 3.268 Thread 0x000001e668308000 DEOPT UNPACKING pc=0x000001e614f69d22 sp=0x000000a42f2ff0d0 mode 2
Event: 3.268 Thread 0x000001e668308000 Uncommon trap: trap_request=0xffffff45 fr.pc=0x000001e6155161c4 relative=0x0000000000000144
Event: 3.268 Thread 0x000001e668308000 Uncommon trap: reason=unstable_if action=reinterpret pc=0x000001e6155161c4 method=java.util.concurrent.locks.ReentrantLock$NonfairSync.initialTryLock()Z @ 10 c2
Event: 3.268 Thread 0x000001e668308000 DEOPT PACKING pc=0x000001e6155161c4 sp=0x000000a42f2ff120
Event: 3.268 Thread 0x000001e668308000 DEOPT UNPACKING pc=0x000001e614f69d22 sp=0x000000a42f2ff0d0 mode 2
Event: 3.322 Thread 0x000001e6040d1460 Uncommon trap: trap_request=0xffffff45 fr.pc=0x000001e6155325c4 relative=0x0000000000001084
Event: 3.322 Thread 0x000001e6040d1460 Uncommon trap: reason=unstable_if action=reinterpret pc=0x000001e6155325c4 method=org.springframework.boot.loader.net.protocol.jar.JarUrlConnection.connect()V @ 33 c2
Event: 3.322 Thread 0x000001e6040d1460 DEOPT PACKING pc=0x000001e6155325c4 sp=0x000000a42e0fde70
Event: 3.322 Thread 0x000001e6040d1460 DEOPT UNPACKING pc=0x000001e614f69d22 sp=0x000000a42e0fde60 mode 2
Event: 3.323 Thread 0x000001e6040d1460 Uncommon trap: trap_request=0xffffff45 fr.pc=0x000001e615507ce4 relative=0x00000000000000e4
Event: 3.323 Thread 0x000001e6040d1460 Uncommon trap: reason=unstable_if action=reinterpret pc=0x000001e615507ce4 method=java.lang.ref.SoftReference.get()Ljava/lang/Object; @ 17 c2
Event: 3.323 Thread 0x000001e6040d1460 DEOPT PACKING pc=0x000001e615507ce4 sp=0x000000a42e0fdd40
Event: 3.323 Thread 0x000001e6040d1460 DEOPT UNPACKING pc=0x000001e614f69d22 sp=0x000000a42e0fdcf8 mode 2

Classes loaded (20 events):
Event: 3.459 Loading class java/net/URLEncoder done
Event: 3.485 Loading class java/util/stream/DistinctOps
Event: 3.496 Loading class java/util/stream/DistinctOps done
Event: 3.496 Loading class java/util/stream/DistinctOps$1
Event: 3.502 Loading class java/util/stream/ReferencePipeline$StatefulOp
Event: 3.504 Loading class java/util/stream/ReferencePipeline$StatefulOp done
Event: 3.504 Loading class java/util/stream/DistinctOps$1 done
Event: 3.504 Loading class java/util/ImmutableCollections$Access
Event: 3.505 Loading class java/util/ImmutableCollections$Access done
Event: 3.505 Loading class java/util/ImmutableCollections$Access$1
Event: 3.506 Loading class jdk/internal/access/JavaUtilCollectionAccess
Event: 3.507 Loading class jdk/internal/access/JavaUtilCollectionAccess done
Event: 3.507 Loading class java/util/ImmutableCollections$Access$1 done
Event: 3.509 Loading class java/util/stream/Nodes$SpinedNodeBuilder
Event: 3.511 Loading class java/util/stream/SpinedBuffer
Event: 3.512 Loading class java/util/stream/AbstractSpinedBuffer
Event: 3.517 Loading class java/util/stream/AbstractSpinedBuffer done
Event: 3.517 Loading class java/util/stream/SpinedBuffer done
Event: 3.518 Loading class java/util/stream/Nodes$SpinedNodeBuilder done
Event: 3.518 Loading class java/util/stream/DistinctOps$1$2

Classes unloaded (0 events):
No events

Classes redefined (0 events):
No events

Internal exceptions (20 events):
Event: 1.670 Thread 0x000001e6040d1460 Exception <a 'java/lang/NoSuchMethodError'{0x000000008bb256f8}: 'int java.lang.invoke.DirectMethodHandle$Holder.invokeVirtual(java.lang.Object, java.lang.Object)'> (0x000000008bb256f8) 
thrown [s\open\src\hotspot\share\interpreter\linkResolver.cpp, line 773]
Event: 1.672 Thread 0x000001e6040d1460 Exception <a 'java/lang/NoSuchMethodError'{0x000000008bb29af8}: 'int java.lang.invoke.DirectMethodHandle$Holder.invokeStaticInit(java.lang.Object, java.lang.Object, java.lang.Object)'> (0x000000008bb29af8) 
thrown [s\open\src\hotspot\share\interpreter\linkResolver.cpp, line 773]
Event: 1.673 Thread 0x000001e6040d1460 Exception <a 'java/lang/NoSuchMethodError'{0x000000008bb2d110}: 'int java.lang.invoke.DirectMethodHandle$Holder.invokeStaticInit(java.lang.Object, int, int)'> (0x000000008bb2d110) 
thrown [s\open\src\hotspot\share\interpreter\linkResolver.cpp, line 773]
Event: 1.676 Thread 0x000001e6040d1460 Exception <a 'java/lang/NoSuchMethodError'{0x000000008bb344d0}: 'int java.lang.invoke.DirectMethodHandle$Holder.invokeStaticInit(java.lang.Object, long, long)'> (0x000000008bb344d0) 
thrown [s\open\src\hotspot\share\interpreter\linkResolver.cpp, line 773]
Event: 1.677 Thread 0x000001e6040d1460 Exception <a 'java/lang/NoSuchMethodError'{0x000000008bb3ade8}: 'int java.lang.invoke.DirectMethodHandle$Holder.invokeStaticInit(java.lang.Object, float, float)'> (0x000000008bb3ade8) 
thrown [s\open\src\hotspot\share\interpreter\linkResolver.cpp, line 773]
Event: 1.679 Thread 0x000001e6040d1460 Exception <a 'java/lang/NoSuchMethodError'{0x000000008bb416f8}: 'int java.lang.invoke.DirectMethodHandle$Holder.invokeStaticInit(java.lang.Object, double, double)'> (0x000000008bb416f8) 
thrown [s\open\src\hotspot\share\interpreter\linkResolver.cpp, line 773]
Event: 1.680 Thread 0x000001e6040d1460 Exception <a 'java/lang/NoSuchMethodError'{0x000000008bb46078}: 'int java.lang.invoke.DirectMethodHandle$Holder.invokeStatic(java.lang.Object, long)'> (0x000000008bb46078) 
thrown [s\open\src\hotspot\share\interpreter\linkResolver.cpp, line 773]
Event: 1.701 Thread 0x000001e6040d1460 Exception <a 'java/lang/NoSuchMethodError'{0x000000008bb67f80}: 'int java.lang.invoke.Invokers$Holder.linkToTargetMethod(java.lang.Object, java.lang.Object)'> (0x000000008bb67f80) 
thrown [s\open\src\hotspot\share\interpreter\linkResolver.cpp, line 773]
Event: 1.906 Thread 0x000001e6040d1460 Exception <a 'java/lang/NoSuchMethodError'{0x000000008bbeab68}: 'java.lang.Object java.lang.invoke.DirectMethodHandle$Holder.invokeSpecial(java.lang.Object, java.lang.Object, int, java.lang.Object, java.lang.Object)'> (0x000000008bbeab68) 
thrown [s\open\src\hotspot\share\interpreter\linkResolver.cpp, line 773]
Event: 1.907 Thread 0x000001e6040d1460 Exception <a 'java/lang/NoSuchMethodError'{0x000000008bbee728}: 'java.lang.Object java.lang.invoke.DelegatingMethodHandle$Holder.delegate(java.lang.Object, int, java.lang.Object, java.lang.Object)'> (0x000000008bbee728) 
thrown [s\open\src\hotspot\share\interpreter\linkResolver.cpp, line 773]
Event: 1.918 Thread 0x000001e6040d1460 Exception <a 'java/lang/NoSuchMethodError'{0x000000008bbfd980}: 'int java.lang.invoke.Invokers$Holder.linkToTargetMethod(java.lang.Object, java.lang.Object, java.lang.Object)'> (0x000000008bbfd980) 
thrown [s\open\src\hotspot\share\interpreter\linkResolver.cpp, line 773]
Event: 1.944 Thread 0x000001e6040d1460 Exception <a 'java/lang/NoSuchMethodError'{0x000000008ba23e98}: 'void java.lang.invoke.DirectMethodHandle$Holder.invokeSpecial(java.lang.Object, java.lang.Object, java.lang.Object, java.lang.Object, java.lang.Object)'> (0x000000008ba23e98) 
thrown [s\open\src\hotspot\share\interpreter\linkResolver.cpp, line 773]
Event: 2.010 Thread 0x000001e6040d1460 Exception <a 'java/lang/NoSuchMethodError'{0x000000008ba81e58}: 'java.lang.Object java.lang.invoke.DirectMethodHandle$Holder.invokeStaticInit(java.lang.Object, int)'> (0x000000008ba81e58) 
thrown [s\open\src\hotspot\share\interpreter\linkResolver.cpp, line 773]
Event: 2.296 Thread 0x000001e6040d1460 Exception <a 'java/lang/NoSuchMethodError'{0x000000008b4a3988}: 'void java.lang.invoke.DirectMethodHandle$Holder.invokeStatic(java.lang.Object, java.lang.Object)'> (0x000000008b4a3988) 
thrown [s\open\src\hotspot\share\interpreter\linkResolver.cpp, line 773]
Event: 2.655 Thread 0x000001e6040d1460 Exception <a 'java/lang/NoSuchMethodError'{0x000000008ae4dc58}: 'void java.lang.invoke.DirectMethodHandle$Holder.invokeVirtual(java.lang.Object, java.lang.Object)'> (0x000000008ae4dc58) 
thrown [s\open\src\hotspot\share\interpreter\linkResolver.cpp, line 773]
Event: 2.927 Thread 0x000001e6040d1460 Exception <a 'java/lang/ClassNotFoundException'{0x000000008ac02058}: javax/smartcardio/CardPermission> (0x000000008ac02058) 
thrown [s\open\src\hotspot\share\classfile\systemDictionary.cpp, line 305]
Event: 2.937 Thread 0x000001e6040d1460 Exception <a 'java/io/FileNotFoundException'{0x000000008ac10770}> (0x000000008ac10770) 
thrown [s\open\src\hotspot\share\prims\jni.cpp, line 519]
Event: 3.034 Thread 0x000001e6040d1460 Exception <a 'java/lang/NoSuchMethodError'{0x000000008acd53c0}: 'java.lang.Object java.lang.invoke.DirectMethodHandle$Holder.invokeSpecial(java.lang.Object, java.lang.Object, java.lang.Object, long, java.lang.Object)'> (0x000000008acd53c0) 
thrown [s\open\src\hotspot\share\interpreter\linkResolver.cpp, line 773]
Event: 3.035 Thread 0x000001e6040d1460 Exception <a 'java/lang/NoSuchMethodError'{0x000000008acd8d10}: 'java.lang.Object java.lang.invoke.Invokers$Holder.linkToTargetMethod(java.lang.Object, long, java.lang.Object, java.lang.Object)'> (0x000000008acd8d10) 
thrown [s\open\src\hotspot\share\interpreter\linkResolver.cpp, line 773]
Event: 3.353 Thread 0x000001e6040d1460 Exception <a 'java/lang/NoSuchMethodError'{0x000000008beb4cb8}: 'void java.lang.invoke.DirectMethodHandle$Holder.invokeStatic(java.lang.Object, java.lang.Object, java.lang.Object, java.lang.Object)'> (0x000000008beb4cb8) 
thrown [s\open\src\hotspot\share\interpreter\linkResolver.cpp, line 773]

VM Operations (14 events):
Event: 1.036 Executing VM operation: HandshakeAllThreads
Event: 1.036 Executing VM operation: HandshakeAllThreads done
Event: 1.535 Executing VM operation: HandshakeAllThreads
Event: 1.535 Executing VM operation: HandshakeAllThreads done
Event: 2.502 Executing VM operation: HandshakeAllThreads
Event: 2.502 Executing VM operation: HandshakeAllThreads done
Event: 2.502 Executing VM operation: Cleanup
Event: 2.502 Executing VM operation: Cleanup done
Event: 2.639 Executing VM operation: HandshakeAllThreads
Event: 2.639 Executing VM operation: HandshakeAllThreads done
Event: 3.248 Executing VM operation: G1CollectForAllocation
Event: 3.268 Executing VM operation: G1CollectForAllocation done
Event: 3.279 Executing VM operation: HandshakeAllThreads
Event: 3.280 Executing VM operation: HandshakeAllThreads done

Events (13 events):
Event: 0.717 Thread 0x000001e6040d1460 Thread added: 0x000001e6040d1460
Event: 0.799 Thread 0x000001e622dcc570 Thread added: 0x000001e622dcc570
Event: 0.799 Thread 0x000001e622dcf3c0 Thread added: 0x000001e622dcf3c0
Event: 0.801 Thread 0x000001e622dd3140 Thread added: 0x000001e622dd3140
Event: 0.802 Thread 0x000001e622dd4a90 Thread added: 0x000001e622dd4a90
Event: 0.802 Thread 0x000001e622dd53d0 Thread added: 0x000001e622dd53d0
Event: 0.802 Thread 0x000001e622dd6d20 Thread added: 0x000001e622dd6d20
Event: 0.802 Thread 0x000001e622dd7990 Thread added: 0x000001e622dd7990
Event: 0.802 Thread 0x000001e622dd87f0 Thread added: 0x000001e622dd87f0
Event: 0.926 Thread 0x000001e6681015f0 Thread added: 0x000001e6681015f0
Event: 0.940 Thread 0x000001e6681127f0 Thread added: 0x000001e6681127f0
Event: 1.566 Thread 0x000001e668308000 Thread added: 0x000001e668308000
Event: 2.056 Thread 0x000001e6683ef5b0 Thread added: 0x000001e6683ef5b0


Dynamic libraries:
0x00007ff7916b0000 - 0x00007ff7916c0000 	C:\Program Files\Java\jdk-20\bin\java.exe
0x00007ff819a90000 - 0x00007ff819ca7000 	C:\WINDOWS\SYSTEM32\ntdll.dll
0x00007ff818740000 - 0x00007ff818804000 	C:\WINDOWS\System32\KERNEL32.DLL
0x00007ff817290000 - 0x00007ff817647000 	C:\WINDOWS\System32\KERNELBASE.dll
0x00007ff816ec0000 - 0x00007ff816fd1000 	C:\WINDOWS\System32\ucrtbase.dll
0x00007fffeb9e0000 - 0x00007fffeb9f9000 	C:\Program Files\Java\jdk-20\bin\jli.dll
0x00007ff819600000 - 0x00007ff8196b2000 	C:\WINDOWS\System32\ADVAPI32.dll
0x00007ff8196c0000 - 0x00007ff819767000 	C:\WINDOWS\System32\msvcrt.dll
0x00007ff817e10000 - 0x00007ff817eb8000 	C:\WINDOWS\System32\sechost.dll
0x00007ff8170f0000 - 0x00007ff817118000 	C:\WINDOWS\System32\bcrypt.dll
0x00007ff8177c0000 - 0x00007ff8178d4000 	C:\WINDOWS\System32\RPCRT4.dll
0x00007fffeaa60000 - 0x00007fffeaa7b000 	C:\Program Files\Java\jdk-20\bin\VCRUNTIME140.dll
0x00007ff818930000 - 0x00007ff818adf000 	C:\WINDOWS\System32\USER32.dll
0x00007ff817710000 - 0x00007ff817736000 	C:\WINDOWS\System32\win32u.dll
0x00007ff818c50000 - 0x00007ff818c79000 	C:\WINDOWS\System32\GDI32.dll
0x00007ff816da0000 - 0x00007ff816eb8000 	C:\WINDOWS\System32\gdi32full.dll
0x00007ff816fe0000 - 0x00007ff81707a000 	C:\WINDOWS\System32\msvcp_win.dll
0x00007ffffe920000 - 0x00007ffffe92a000 	C:\WINDOWS\SYSTEM32\VERSION.dll
0x00007ffff02f0000 - 0x00007ffff0583000 	C:\WINDOWS\WinSxS\amd64_microsoft.windows.common-controls_6595b64144ccf1df_6.0.22621.3672_none_2713b9d173822955\COMCTL32.dll
0x00007ff819770000 - 0x00007ff8197a1000 	C:\WINDOWS\System32\IMM32.DLL
0x00007ff802e50000 - 0x00007ff802e5c000 	C:\Program Files\Java\jdk-20\bin\vcruntime140_1.dll
0x00007fffce9c0000 - 0x00007fffcea4e000 	C:\Program Files\Java\jdk-20\bin\msvcp140.dll
0x00007fff8e860000 - 0x00007fff8f4f8000 	C:\Program Files\Java\jdk-20\bin\server\jvm.dll
0x00007ff801a90000 - 0x00007ff801a99000 	C:\WINDOWS\SYSTEM32\WSOCK32.dll
0x00007ff817c20000 - 0x00007ff817c91000 	C:\WINDOWS\System32\WS2_32.dll
0x00007ff80f9e0000 - 0x00007ff80fa14000 	C:\WINDOWS\SYSTEM32\WINMM.dll
0x00007ff815db0000 - 0x00007ff815dc8000 	C:\WINDOWS\SYSTEM32\kernel.appcore.dll
0x00007ff8003e0000 - 0x00007ff8003ea000 	C:\Program Files\Java\jdk-20\bin\jimage.dll
0x00007ff813d80000 - 0x00007ff813fb2000 	C:\WINDOWS\SYSTEM32\DBGHELP.DLL
0x00007ff817f10000 - 0x00007ff81829e000 	C:\WINDOWS\System32\combase.dll
0x00007ff819970000 - 0x00007ff819a47000 	C:\WINDOWS\System32\OLEAUT32.dll
0x00007ffffccd0000 - 0x00007ffffcd02000 	C:\WINDOWS\SYSTEM32\dbgcore.DLL
0x00007ff817740000 - 0x00007ff8177bb000 	C:\WINDOWS\System32\bcryptPrimitives.dll
0x00007fffea600000 - 0x00007fffea626000 	C:\Program Files\Java\jdk-20\bin\java.dll
0x00007fffaeda0000 - 0x00007fffaee77000 	C:\Program Files\Java\jdk-20\bin\jsvml.dll
0x00007ff818c80000 - 0x00007ff8194e9000 	C:\WINDOWS\System32\SHELL32.dll
0x00007ff814cc0000 - 0x00007ff8155bf000 	C:\WINDOWS\SYSTEM32\windows.storage.dll
0x00007ff814b80000 - 0x00007ff814cbf000 	C:\WINDOWS\SYSTEM32\wintypes.dll
0x00007ff8178e0000 - 0x00007ff8179d9000 	C:\WINDOWS\System32\SHCORE.dll
0x00007ff818820000 - 0x00007ff81887e000 	C:\WINDOWS\System32\shlwapi.dll
0x00007ff816cd0000 - 0x00007ff816cf7000 	C:\WINDOWS\SYSTEM32\profapi.dll
0x00007fffffcf0000 - 0x00007fffffd03000 	C:\Program Files\Java\jdk-20\bin\net.dll
0x00007ff8134f0000 - 0x00007ff813626000 	C:\WINDOWS\SYSTEM32\WINHTTP.dll
0x00007ff816210000 - 0x00007ff816279000 	C:\WINDOWS\system32\mswsock.dll
0x00007fffff8d0000 - 0x00007fffff8e6000 	C:\Program Files\Java\jdk-20\bin\nio.dll
0x00007fffff850000 - 0x00007fffff868000 	C:\Program Files\Java\jdk-20\bin\zip.dll
0x00007fffff990000 - 0x00007fffff9a0000 	C:\Program Files\Java\jdk-20\bin\verify.dll

dbghelp: loaded successfully - version: 4.0.5 - missing functions: none
symbol engine: initialized successfully - sym options: 0x614 - pdb path: .;C:\Program Files\Java\jdk-20\bin;C:\WINDOWS\SYSTEM32;C:\WINDOWS\WinSxS\amd64_microsoft.windows.common-controls_6595b64144ccf1df_6.0.22621.3672_none_2713b9d173822955;C:\Program Files\Java\jdk-20\bin\server

VM Arguments:
java_command: c:\Users\Admin\.vscode\extensions\salesforce.salesforce-vscode-slds-2.0.9\lsp-2.0.9-executable.jar --PORT=56692
java_class_path (initial): c:\Users\Admin\.vscode\extensions\salesforce.salesforce-vscode-slds-2.0.9\lsp-2.0.9-executable.jar
Launcher Type: SUN_STANDARD

[Global flags]
     intx CICompilerCount                          = 4                                         {product} {ergonomic}
     uint ConcGCThreads                            = 3                                         {product} {ergonomic}
     uint G1ConcRefinementThreads                  = 10                                        {product} {ergonomic}
   size_t G1HeapRegionSize                         = 1048576                                   {product} {ergonomic}
    uintx GCDrainStackTargetSize                   = 64                                        {product} {ergonomic}
   size_t InitialHeapSize                          = 130023424                                 {product} {ergonomic}
   size_t MarkStackSize                            = 4194304                                   {product} {ergonomic}
   size_t MaxHeapSize                              = 2076180480                                {product} {ergonomic}
   size_t MaxNewSize                               = 1245708288                                {product} {ergonomic}
   size_t MinHeapDeltaBytes                        = 1048576                                   {product} {ergonomic}
   size_t MinHeapSize                              = 8388608                                   {product} {ergonomic}
    uintx NonNMethodCodeHeapSize                   = 5839372                                {pd product} {ergonomic}
    uintx NonProfiledCodeHeapSize                  = 122909434                              {pd product} {ergonomic}
    uintx ProfiledCodeHeapSize                     = 122909434                              {pd product} {ergonomic}
    uintx ReservedCodeCacheSize                    = 251658240                              {pd product} {ergonomic}
     bool SegmentedCodeCache                       = true                                      {product} {ergonomic}
   size_t SoftMaxHeapSize                          = 2076180480                             {manageable} {ergonomic}
     bool UseCompressedClassPointers               = true                           {product lp64_product} {ergonomic}
     bool UseCompressedOops                        = true                           {product lp64_product} {ergonomic}
     bool UseG1GC                                  = true                                      {product} {ergonomic}
     bool UseLargePagesIndividualAllocation        = false                                  {pd product} {ergonomic}

Logging:
Log output configuration:
 #0: stdout all=warning uptime,level,tags foldmultilines=false
 #1: stderr all=off uptime,level,tags foldmultilines=false

Environment Variables:
JAVA_HOME=C:\Program Files\Java\jdk-20
PATH=C:\oraclexe\app\oracle\product\10.2.0\server\bin;C:\Program Files\Python312\Scripts\;C:\Program Files\Python312\;C:\Program Files\Common Files\Oracle\Java\javapath;C:\WINDOWS\system32;C:\WINDOWS;C:\WINDOWS\System32\Wbem;C:\WINDOWS\System32\WindowsPowerShell\v1.0\;C:\WINDOWS\System32\OpenSSH\;C:\Program Files\Java\jdk-20\bin;C:\Program Files\nodejs\;C:\Program Files\CMake\bin;C:\Program Files\MongoDB\Server\8.0\bin;C:\oraclexe\app\oracle\product\10.2.0\server\bin;C:\Program Files\Python312\Scripts\;C:\Program Files\Python312\;C:\Program Files\Common Files\Oracle\Java\javapath;C:\WINDOWS\system32;C:\WINDOWS;C:\WINDOWS\System32\Wbem;C:\WINDOWS\System32\WindowsPowerShell\v1.0\;C:\WINDOWS\System32\OpenSSH\;C:\Program Files\Java\jdk-20\bin;C:\Program Files\nodejs\;C:\Program Files\CMake\bin;C:\Program Files\MongoDB\Server\8.0\bin;;C:\ffmpeg\bin;C:\Users\Admin\AppData\Local\Programs\Microsoft VS Code\bin;C:\Users\Admin\AppData\Local\GitHubDesktop\bin
USERNAME=Admin
OS=Windows_NT
PROCESSOR_IDENTIFIER=Intel64 Family 6 Model 154 Stepping 4, GenuineIntel
TMP=C:\Users\Admin\AppData\Local\Temp
TEMP=C:\Users\Admin\AppData\Local\Temp




---------------  S Y S T E M  ---------------

OS:
 Windows 11 , 64 bit Build 22621 (10.0.22621.3958)
OS uptime: 6 days 16:53 hours
Hyper-V role detected

CPU: total 12 (initial active 12) (6 cores per cpu, 2 threads per core) family 6 model 154 stepping 4 microcode 0x424, cx8, cmov, fxsr, ht, mmx, 3dnowpref, sse, sse2, sse3, ssse3, sse4.1, sse4.2, popcnt, lzcnt, tsc, tscinvbit, avx, avx2, aes, erms, clmul, bmi1, bmi2, adx, sha, fma, vzeroupper, clflush, clflushopt, clwb, hv, serialize, rdtscp, rdpid, fsrm, f16c, cet_ibt, cet_ss

Memory: 4k page, system-wide physical 7916M (256M free)
TotalPageFile size 15363M (AvailPageFile size 23M)
current process WorkingSet (physical memory assigned to process): 83M, peak: 84M
current process commit charge ("private bytes"): 229M, peak: 231M

vm_info: Java HotSpot(TM) 64-Bit Server VM (20.0.2+9-78) for windows-amd64 JRE (20.0.2+9-78), built on 2023-06-14T10:08:48Z by "mach5one" with MS VC++ 17.1 (VS2022)

END.
